0 info it worked if it ends with ok
1 verbose cli [ 'C:\\Program Files\\nodejs\\node.exe',
1 verbose cli   'C:\\Program Files\\nodejs\\node_modules\\npm\\bin\\npm-cli.js',
1 verbose cli   'publish' ]
2 info using npm@2.14.20
3 info using node@v4.4.1
4 verbose publish [ '.' ]
5 silly cache add args [ '.', null ]
6 verbose cache add spec .
7 silly cache add parsed spec Result {
7 silly cache add   raw: '.',
7 silly cache add   scope: null,
7 silly cache add   name: null,
7 silly cache add   rawSpec: '.',
7 silly cache add   spec: 'C:\\wamp\\www\\SYTW\\oauth_passport\\autenticacion-oauth-con-passport-noejaco2017',
7 silly cache add   type: 'directory' }
8 verbose addLocalDirectory C:\Users\Noee\AppData\Roaming\npm-cache\gitbook-start-plugin-general-noejaco17\0.0.10\package.tgz not in flight; packing
9 verbose correctMkdir C:\Users\Noee\AppData\Roaming\npm-cache correctMkdir not in flight; initializing
10 verbose tar pack [ 'C:\\Users\\Noee\\AppData\\Roaming\\npm-cache\\gitbook-start-plugin-general-noejaco17\\0.0.10\\package.tgz',
10 verbose tar pack   'C:\\wamp\\www\\SYTW\\oauth_passport\\autenticacion-oauth-con-passport-noejaco2017' ]
11 verbose tarball C:\Users\Noee\AppData\Roaming\npm-cache\gitbook-start-plugin-general-noejaco17\0.0.10\package.tgz
12 verbose folder C:\wamp\www\SYTW\oauth_passport\autenticacion-oauth-con-passport-noejaco2017
13 info prepublish gitbook-start-plugin-general-noejaco17@0.0.10
14 verbose addLocalTarball adding from inside cache C:\Users\Noee\AppData\Roaming\npm-cache\gitbook-start-plugin-general-noejaco17\0.0.10\package.tgz
15 verbose correctMkdir C:\Users\Noee\AppData\Roaming\npm-cache correctMkdir not in flight; initializing
16 silly cache afterAdd gitbook-start-plugin-general-noejaco17@0.0.10
17 verbose afterAdd C:\Users\Noee\AppData\Roaming\npm-cache\gitbook-start-plugin-general-noejaco17\0.0.10\package\package.json not in flight; writing
18 verbose correctMkdir C:\Users\Noee\AppData\Roaming\npm-cache correctMkdir not in flight; initializing
19 verbose afterAdd C:\Users\Noee\AppData\Roaming\npm-cache\gitbook-start-plugin-general-noejaco17\0.0.10\package\package.json written
20 silly publish { name: 'gitbook-start-plugin-general-noejaco17',
20 silly publish   version: '0.0.10',
20 silly publish   description: 'Despliegue token heroku oauth',
20 silly publish   main: './bin/linea-comando-npm.js',
20 silly publish   scripts:
20 silly publish    { 'generate-gitbook': './scripts/losh generate-gitbook',
20 silly publish      'generate-wiki': './scripts/losh generate-wiki',
20 silly publish      build: 'npm install && npm i gitbook-cli && npm run generate-gitbook && npm run generate-wiki',
20 silly publish      'deploy-gitbook': './scripts/losh deploy-gitbook',
20 silly publish      'deploy-wiki': './scripts/losh deploy-wiki',
20 silly publish      deploy: 'npm run build && npm run deploy-gitbook && npm run deploy-wiki',
20 silly publish      version: './scripts/losh version',
20 silly publish      test: 'echo "Error: no test specified" && exit 1',
20 silly publish      ssh: './ssh pull-iaas' },
20 silly publish   bin: { 'gitbook-start': './bin/linea-comando-npm.js' },
20 silly publish   repository:
20 silly publish    { type: 'git',
20 silly publish      url: 'git+https://github.com/alu0100836059/Apuntes_SYTW.git',
20 silly publish      wiki: 'https://github.com/alu0100836059/Apuntes_SYTW.wiki.git' },
20 silly publish   keywords: [ 'gitbook', 'boilerplate', 'starter' ],
20 silly publish   author:
20 silly publish    { name: 'alu0100622492',
20 silly publish      email: 'alu0100622492@ull.edu.es',
20 silly publish      url: 'http://dsi1516.github.io/Practica1/' },
20 silly publish   contributors:
20 silly publish    { name: 'alu0100836059',
20 silly publish      email: 'alu0100836059@ull.edu.es',
20 silly publish      url: 'http://dsi1516.github.io/Practica1/' },
20 silly publish   license: 'MIT',
20 silly publish   bugs: { url: 'https://github.com/ULL-ESIT-SYTW-1617/creacion-de-paquetes-y-modulos-en-nodejs-noejaco2017/issues' },
20 silly publish   homepage: 'http://creacion-de-paquetes-y-modulos-en-nodejs-noejaco2017/README.md',
20 silly publish   devDependencies:
20 silly publish    { async: '^1.4.0',
20 silly publish      child_process: '^1.0.2',
20 silly publish      ejs: '^2.5.2',
20 silly publish      express: '^4.14.0',
20 silly publish      fs: '0.0.1-security',
20 silly publish      'fs-extra': '^0.22.1',
20 silly publish      'gh-pages': '^0.3.1',
20 silly publish      'git-url-parse': '^6.0.7',
20 silly publish      gitbook: '^2.1.0',
20 silly publish      'gitbook-cli': '^0.3.4',
20 silly publish      'gitbook-start-plugin-heroku-noejaco2017': '0.0.36',
20 silly publish      'gitbook-start-plugin-iaas-ull-es-noejaco2017': '*',
20 silly publish      'gitbook-start-team-noejaco2017-2.0': '*',
20 silly publish      gulp: '~3.9.1',
20 silly publish      'gulp-gh-pages': '^0.5.4',
20 silly publish      'gulp-shell': '~0.5.2',
20 silly publish      minimist: '^1.2.0',
20 silly publish      octonode: '^0.7.6',
20 silly publish      path: '^0.12.7',
20 silly publish      'simple-git': '^1.51.0',
20 silly publish      'ssh-exec': '^2.0.0',
20 silly publish      underscore: '^1.8.3',
20 silly publish      'body-parser': '^1.13.2',
20 silly publish      'connect-ensure-login': '^0.1.1',
20 silly publish      'cookie-parser': '^1.3.5',
20 silly publish      'express-session': '^1.11.3',
20 silly publish      passport: '^0.2.2',
20 silly publish      'passport-github': '^1.1.0' },
20 silly publish   dependencies:
20 silly publish    { async: '^1.4.0',
20 silly publish      'body-parser': '^1.13.2',
20 silly publish      child_process: '^1.0.2',
20 silly publish      'connect-ensure-login': '^0.1.1',
20 silly publish      'cookie-parser': '^1.3.5',
20 silly publish      ejs: '*',
20 silly publish      express: '^4.14.0',
20 silly publish      'express-ejs-layouts': '^2.2.0',
20 silly publish      'express-session': '^1.14.2',
20 silly publish      fs: '0.0.1-security',
20 silly publish      'fs-extended': '^0.2.1',
20 silly publish      'fs-extra': '^0.22.1',
20 silly publish      'gh-pages': '^0.3.1',
20 silly publish      gitbook: '^2.1.0',
20 silly publish      'gitbook-cli': '^0.3.4',
20 silly publish      'graceful-fs': '^4.1.0',
20 silly publish      gulp: '^3.9.1',
20 silly publish      'gulp-gh-pages': '^0.5.4',
20 silly publish      'gulp-install': '~0.6.0',
20 silly publish      'gulp-run': '^1.7.1',
20 silly publish      'gulp-shell': '^0.5.2',
20 silly publish      inquirer: '^1.2.2',
20 silly publish      minimatch: '^3.0.3',
20 silly publish      minimist: '^1.2.0',
20 silly publish      passport: '^0.2.2',
20 silly publish      'passport-facebook': '~2.1.1',
20 silly publish      'passport-github': '^1.1.0',
20 silly publish      path: '^0.12.7',
20 silly publish      'serve-static': '^1.11.1',
20 silly publish      'ssh-exec': '^2.0.0',
20 silly publish      underscore: '^1.8.3',
20 silly publish      url: '^0.11.0' },
20 silly publish   engines: { node: '0.10.x' },
20 silly publish   readme: '# Práctica: Plugin General gitbook-start npm\r\n\r\n\r\n![imagen1][logo]\r\n[logo]: https://encrypted-tbn1.gstatic.com/images?q=tbn:ANd9GcQmTdns2SIHRywqRrwjOmWCewbAPJKjv5s_iblApWlTryhkwB1n\r\n\r\n\r\n## Descripción de la práctica\r\n\r\n### ayuda\r\nconsole.log("gitbook-start [OPTIONS]\\n"+\r\n"--autor: autor del libro a crear node gitbook-star -a AutorDelLibro\\n"+\r\n"--email: email de contacto del usuario\\n"+\r\n"--version: version repositorio github contra el que se va a trabajar -r github.com/repo.git\\n"+\r\n"--url: repositorio github contra el que se va a trabajar -r github.com/repo.git\\n"+\r\n"--wiki: direccion web de la wiki en github -w github.com/repo.wiki.git\\n"+\r\n"--directorio: nombre del directorio a crear\\n"+\r\n"--repo: Crear repositorio en GITHUB\\n"+\r\n"--help: muestra ayuda sobre las opciones disponibles\\n"+\r\n"--deploy: Deploy en IaaS(iaas.ull.es)"+\r\n"--iaasIP: Direccion de la maquina virtual\\n"+\r\n"--iaaspath: Repositorio que va a contener el libro en iaas\\n"+\r\n"--github: Repositorio a desplegar el libro en git\\n"\r\n"--heroku: Nombre de su api en heroku\\n");\r\n\r\ngitbook-star --github d --directorio <nombre>\r\n\r\n### Objetivo:\r\nEl servidor proveído por el plugin (sea iaaso heroku) deberá autenticar que el lector del libro pertenece a una organización dada de GitHub (por ejemplo ULL-ESIT-SYTW-1617). Si es el caso que pertenece podrá seguir leyendo el libro, sino será redirigido a la ruta de autenticación.\r\n\r\nPuede partir de los repos de los plugins que ha usado en prácticas anteriores o crear unos nuevos\r\n\r\n\r\n### Pasos a seguir:\r\n\r\n#### Instalación del plugin\r\nPara ello nos serviremos del paquete [npm-gitbook-start](https://www.npmjs.com/package/gitbook-start-team-noejaco2017-2.0) y seguiremos las instrucciones indicadas.\r\n\r\nUna vez finalizado este paso, tendremos un servidor Express desplegado en la IP indicada así como nuevas tareas añadidas al fichero __gulpfile.js__.\r\n#### Paquetes necesarios\r\nDeberemos contar con Node.js y npm instalados en nuestra máquina.\r\n\r\nInstalación de los paquetes y dependencias necesarias para el correcto funcionamiento:\r\n~~~\r\n$ npm install\r\n~~~\r\n\r\n#### Despliegue del libro\r\nA continuación debemos desplegar el libro a través de la nueva tarea generada.\r\n\r\nPara ello ejecutamos por consola:\r\n~~~\r\n$ gulp deploy\r\n~~~\r\n\r\n\r\n#### Desplegar el servidor Express\r\nEn la línea de comandos ingresamos:\r\n~~~\r\nnode app.js\r\n~~~\r\nEsto nos permitirá ingresar en el prompt nuestro nombre de usuario y nuestra contraseña, una vez ingresados, correrá el servidor y nos proporcionará información acerca de la ubicación del mismo.\r\n#### Acceso al libro\r\nComo último paso deberemos acceder a la ubicación del servidor proporcionada en el paso anterior.\r\nLo que veremos será una página de logueo en la que haremos click sobre `login` para acceder al libro.\r\n\r\n\r\n\r\n\r\n\r\n\r\n\r\n\r\n## Enlaces:\r\n##### Enlace al libro desplegado en gh-pages\r\n[gh-pages](https://ull-esit-sytw-1617.github.io/tareas-iniciales-noejaco2017/)\r\n\r\n##### Enlace a gitbook\r\n[gitbook](https://alu0100836059.gitbooks.io/apuntes_sytw_16_17/content/)\r\n\r\n##### Enlace a npm gitbook-start-2.0\r\n[npm-gitbook-start](https://www.npmjs.com/package/gitbook-start-team-noejaco2017-2.0)\r\n\r\n##### Enlace a npm plugin Heroku\r\n[npm-heroku](https://www.npmjs.com/package/gitbook-start-plugin-heroku-noejaco2017)\r\n\r\n##### Enlace al paquete npm iaas\r\n[npm-plugin-iaas](https://www.npmjs.com/package/gitbook-start-plugin-iaas-ull-es-noejaco2017)\r\n\r\n##### Enlace a la aplicación desplegada en heroku\r\n[heroku](https://herokuiaass.herokuapp.com/)\r\n\r\n\r\n\r\n## Autores\r\n[Noé Campos](http://dsi1516.github.io/Practica1/)\r\n\r\n[Jacobo](https://ull-esit-sytw-1617.github.io/tareas-iniciales-noejaco2017/)\r\n',
20 silly publish   readmeFilename: 'README.md',
20 silly publish   gitHead: '77f57db58d8a78ef86dc2c20608e0bb69d0832fc',
20 silly publish   _id: 'gitbook-start-plugin-general-noejaco17@0.0.10',
20 silly publish   _shasum: '8b1ddcd8fe713522774fdc79c2ecbe2f6ef11448',
20 silly publish   _from: '.' }
21 verbose getPublishConfig undefined
22 silly mapToRegistry name gitbook-start-plugin-general-noejaco17
23 silly mapToRegistry using default registry
24 silly mapToRegistry registry https://registry.npmjs.org/
25 silly mapToRegistry uri https://registry.npmjs.org/gitbook-start-plugin-general-noejaco17
26 verbose publish registryBase https://registry.npmjs.org/
27 silly publish uploading C:\Users\Noee\AppData\Roaming\npm-cache\gitbook-start-plugin-general-noejaco17\0.0.10\package.tgz
28 verbose request uri https://registry.npmjs.org/gitbook-start-plugin-general-noejaco17
29 verbose request sending authorization for write operation
30 info attempt registry request try #1 at 17:08:36
31 verbose request using bearer token for auth
32 verbose request id 6a6e51eac291c979
33 http request PUT https://registry.npmjs.org/gitbook-start-plugin-general-noejaco17
34 http 403 https://registry.npmjs.org/gitbook-start-plugin-general-noejaco17
35 verbose headers { 'content-type': 'application/json',
35 verbose headers   'cache-control': 'max-age=300',
35 verbose headers   'content-length': '96',
35 verbose headers   'accept-ranges': 'bytes',
35 verbose headers   date: 'Thu, 24 Nov 2016 17:08:38 GMT',
35 verbose headers   via: '1.1 varnish',
35 verbose headers   connection: 'keep-alive',
35 verbose headers   'x-served-by': 'cache-lcy1147-LCY',
35 verbose headers   'x-cache': 'MISS',
35 verbose headers   'x-cache-hits': '0',
35 verbose headers   'x-timer': 'S1480007314.957678,VS0,VE3621',
35 verbose headers   vary: 'Accept-Encoding' }
36 verbose request invalidating C:\Users\Noee\AppData\Roaming\npm-cache\registry.npmjs.org\gitbook-start-plugin-general-noejaco17 on PUT
37 error publish Failed PUT 403
38 verbose stack Error: "You cannot publish over the previously published version 0.0.10." : gitbook-start-plugin-general-noejaco17
38 verbose stack     at makeError (C:\Program Files\nodejs\node_modules\npm\node_modules\npm-registry-client\lib\request.js:264:12)
38 verbose stack     at CachingRegistryClient.<anonymous> (C:\Program Files\nodejs\node_modules\npm\node_modules\npm-registry-client\lib\request.js:252:14)
38 verbose stack     at Request._callback (C:\Program Files\nodejs\node_modules\npm\node_modules\npm-registry-client\lib\request.js:172:14)
38 verbose stack     at Request.self.callback (C:\Program Files\nodejs\node_modules\npm\node_modules\request\request.js:199:22)
38 verbose stack     at emitTwo (events.js:87:13)
38 verbose stack     at Request.emit (events.js:172:7)
38 verbose stack     at Request.<anonymous> (C:\Program Files\nodejs\node_modules\npm\node_modules\request\request.js:1036:10)
38 verbose stack     at emitOne (events.js:82:20)
38 verbose stack     at Request.emit (events.js:169:7)
38 verbose stack     at IncomingMessage.<anonymous> (C:\Program Files\nodejs\node_modules\npm\node_modules\request\request.js:963:12)
39 verbose statusCode 403
40 verbose pkgid gitbook-start-plugin-general-noejaco17
41 verbose cwd C:\wamp\www\SYTW\oauth_passport\autenticacion-oauth-con-passport-noejaco2017
42 error Windows_NT 10.0.10586
43 error argv "C:\\Program Files\\nodejs\\node.exe" "C:\\Program Files\\nodejs\\node_modules\\npm\\bin\\npm-cli.js" "publish"
44 error node v4.4.1
45 error npm  v2.14.20
46 error code E403
47 error "You cannot publish over the previously published version 0.0.10." : gitbook-start-plugin-general-noejaco17
48 error If you need help, you may report this error at:
48 error     <https://github.com/npm/npm/issues>
49 verbose exit [ 1, true ]
